<?xml version="1.0" encoding="UTF-8"?>
<!-- Generated by org.testng.reporters.JUnitReportReporter -->
<testsuite skipped="0" hostname="LAPTOP-QNPV151A" name="com.user.TestDropDownList" tests="1" failures="0" timestamp="20 May 2022 04:33:02 GMT" time="7.405" errors="0">
  <testcase name="testDropDown" time="7.405" classname="com.user.TestDropDownList"/>
</testsuite> <!-- com.user.TestDropDownList -->
