<?xml version="1.0" encoding="UTF-8"?>
<!-- Generated by org.testng.reporters.JUnitReportReporter -->
<testsuite skipped="0" hostname="LAPTOP-QNPV151A" name="com.dashboard.CheckCourses" tests="1" failures="0" timestamp="17 May 2022 11:41:03 GMT" time="7.653" errors="0">
  <testcase name="coursesTest" time="7.653" classname="com.dashboard.CheckCourses"/>
</testsuite> <!-- com.dashboard.CheckCourses -->
