<?xml version="1.0" encoding="UTF-8"?>
<!-- Generated by org.testng.reporters.JUnitReportReporter -->
<testsuite skipped="0" hostname="LAPTOP-QNPV151A" name="com.user_list.TestUserList" tests="4" failures="0" timestamp="18 May 2022 20:14:00 GMT" time="1.076" errors="0">
  <testcase name="testUser1" time="0.294" classname="com.user_list.TestUserList"/>
  <testcase name="testUser3" time="0.263" classname="com.user_list.TestUserList"/>
  <testcase name="testUser2" time="0.261" classname="com.user_list.TestUserList"/>
  <testcase name="testUser4" time="0.258" classname="com.user_list.TestUserList"/>
</testsuite> <!-- com.user_list.TestUserList -->
