<?xml version="1.0" encoding="UTF-8"?>
<!-- Generated by org.testng.reporters.JUnitReportReporter -->
<testsuite skipped="0" hostname="LAPTOP-QNPV151A" name="com.user.AddUser" tests="2" failures="0" timestamp="18 May 2022 20:54:43 GMT" time="11.267" errors="0">
  <testcase name="addUserTest" time="5.258" classname="com.user.AddUser"/>
  <testcase name="addUserTest" time="6.009" classname="com.user.AddUser"/>
</testsuite> <!-- com.user.AddUser -->
