<?xml version="1.0" encoding="UTF-8"?>
<!-- Generated by org.testng.reporters.JUnitReportReporter -->
<testsuite skipped="0" hostname="LAPTOP-QNPV151A" name="com.register_page.RegistrationPageTest" tests="1" failures="0" timestamp="18 May 2022 02:38:41 GMT" time="5.883" errors="0">
  <testcase name="registrationTest" time="5.883" classname="com.register_page.RegistrationPageTest"/>
</testsuite> <!-- com.register_page.RegistrationPageTest -->
